Host: ::1 - June 23, 2025, 1:30 pm
Content LOGIN: {"username":"realbunz","password":"******"}
-------------------------
Host: ::1 - June 23, 2025, 3:29 pm
Content LOGIN: {"username":"taolacho","password":"******"}
-------------------------
Host: ::1 - June 23, 2025, 7:08 pm
Content LOGIN: {"username":"realbunz","password":"******"}
-------------------------
Host: ::1 - June 23, 2025, 8:49 pm
Content LOGIN: {"username":"realbunz","password":"******"}
-------------------------
Host: ::1 - June 23, 2025, 8:54 pm
Content LOGIN: {"username":"admin","password":"******"}
-------------------------
Host: ::1 - June 23, 2025, 9:35 pm
Content LOGIN: {"username":"realbunz","password":"******"}
-------------------------
Host: ::1 - June 23, 2025, 9:48 pm
Content LOGIN: {"username":"realbunz","password":"******"}
-------------------------
