Host: ::1 - June 27, 2025, 8:27 am
Content LOGIN: {"username":"realbunz","password":"******"}
-------------------------
Host: ::1 - June 27, 2025, 9:30 am
Content LOGIN: {"username":"realbunz","password":"******"}
-------------------------
Host: ::1 - June 27, 2025, 9:32 am
Content LOGIN: {"username":"admin","password":"******"}
-------------------------
Host: ::1 - June 27, 2025, 1:28 pm
Content LOGIN: {"username":"realbunz","password":"******"}
-------------------------
Host: ::1 - June 27, 2025, 3:10 pm
Content LOGIN: {"username":"realbunz","password":"******"}
-------------------------
Host: ::1 - June 27, 2025, 3:12 pm
Content LOGIN: {"username":"realbunz","password":"******"}
-------------------------
Host: ::1 - June 27, 2025, 3:42 pm
Content LOGIN: {"username":"realbunz","password":"******"}
-------------------------
