Host: ::1 - June 29, 2025, 11:15 am
Content LOGIN: {"username":"realbunz1","password":"******"}
-------------------------
Host: ::1 - June 29, 2025, 11:17 am
Content LOGIN: {"username":"realbunz1","password":"******"}
-------------------------
Host: ::1 - June 29, 2025, 11:20 am
Content LOGIN: {"username":"realbunz2","password":"******"}
-------------------------
Host: ::1 - June 29, 2025, 11:50 am
Content LOGIN: {"username":"realbunz","password":"******"}
-------------------------
Host: ::1 - June 29, 2025, 11:50 am
Content LOGIN: {"username":"realbunz3","password":"******"}
-------------------------
Host: ::1 - June 29, 2025, 12:04 pm
Content LOGIN: {"username":"realbunz","password":"******"}
-------------------------
Host: ::1 - June 29, 2025, 12:45 pm
Content LOGIN: {"username":"realbunz","password":"******"}
-------------------------
Host: ::1 - June 29, 2025, 12:55 pm
Content LOGIN: {"username":"realbunz","password":"******"}
-------------------------
Host: ::1 - June 29, 2025, 1:22 pm
Content LOGIN: {"username":"realbunz","password":"******"}
-------------------------
Host: ::1 - June 29, 2025, 1:22 pm
Content LOGIN: {"username":"admin","password":"******"}
-------------------------
Host: ::1 - June 29, 2025, 2:14 pm
Content LOGIN: {"username":"realbunz","password":"******"}
-------------------------
Host: ::1 - June 29, 2025, 2:14 pm
Content LOGIN: {"username":"realbunz","password":"******"}
-------------------------
Host: ::1 - June 29, 2025, 2:15 pm
Content LOGIN: {"username":"admin","password":"******"}
-------------------------
Host: ::1 - June 29, 2025, 2:16 pm
Content LOGIN: {"username":"realbunz","password":"******"}
-------------------------
Host: ::1 - June 29, 2025, 8:43 pm
Content LOGIN: {"username":"realbunz","password":"******"}
-------------------------
